09/06/2019 03:29:17 PM - SeleniumDriver - INFO: Waiting for maximum :: 30 :: seconds for element to be clickable
09/06/2019 03:29:18 PM - SeleniumDriver - INFO: Element appeared on the web page
09/06/2019 03:29:18 PM - SeleniumDriver - INFO: Element found with locator: //div[@class='auth0-lock-social-button-text'] and  locatorType: xpath
09/06/2019 03:29:21 PM - SeleniumDriver - INFO: Clicked on element with locator: //div[@class='auth0-lock-social-button-text'] locatorType: xpath
09/06/2019 03:29:23 PM - SeleniumDriver - INFO: Locator type //input[@id='identifierid'] not correct/supported
09/06/2019 03:29:23 PM - SeleniumDriver - INFO: Waiting for maximum :: 30 :: seconds for element to be clickable
09/06/2019 03:29:23 PM - SeleniumDriver - INFO: Element not appeared on the web page
09/06/2019 03:29:23 PM - SeleniumDriver - INFO: Element found with locator: //input[@id='identifierId'] and  locatorType: xpath
09/06/2019 03:29:23 PM - SeleniumDriver - INFO: Sent data on element with locator: //input[@id='identifierId'] locatorType: xpath
09/06/2019 03:29:25 PM - SeleniumDriver - INFO: Waiting for maximum :: 30 :: seconds for element to be clickable
09/06/2019 03:29:25 PM - SeleniumDriver - INFO: Element appeared on the web page
09/06/2019 03:29:25 PM - SeleniumDriver - INFO: Element found with locator: //span[contains(text(),'Next')] and  locatorType: xpath
09/06/2019 03:29:25 PM - SeleniumDriver - INFO: Clicked on element with locator: //span[contains(text(),'Next')] locatorType: xpath
09/06/2019 03:29:27 PM - SeleniumDriver - INFO: Locator type //input[@name='password'] not correct/supported
09/06/2019 03:29:27 PM - SeleniumDriver - INFO: Waiting for maximum :: 30 :: seconds for element to be clickable
09/06/2019 03:29:27 PM - SeleniumDriver - INFO: Element not appeared on the web page
09/06/2019 03:29:27 PM - SeleniumDriver - INFO: Element found with locator: //input[@name='password'] and  locatorType: xpath
09/06/2019 03:29:27 PM - SeleniumDriver - INFO: Sent data on element with locator: //input[@name='password'] locatorType: xpath
09/06/2019 03:29:29 PM - SeleniumDriver - INFO: Waiting for maximum :: 30 :: seconds for element to be clickable
09/06/2019 03:29:29 PM - SeleniumDriver - INFO: Element appeared on the web page
09/06/2019 03:29:29 PM - SeleniumDriver - INFO: Element found with locator: //span[contains(text(),'Next')] and  locatorType: xpath
09/06/2019 03:29:29 PM - SeleniumDriver - INFO: Clicked on element with locator: //span[contains(text(),'Next')] locatorType: xpath
09/06/2019 03:29:29 PM - LandlordTest - INFO: *#*#*#*#*#*#*#*#*#*#*#*#*#*#*#*#*#*#*#*#
09/06/2019 03:29:29 PM - LandlordTest - INFO:  test_01VerifyDealsCanHaveMultipleLandlordsWithNoParents 
09/06/2019 03:29:29 PM - LandlordTest - INFO: *#*#*#*#*#*#*#*#*#*#*#*#*#*#*#*#*#*#*#*#
09/06/2019 03:29:48 PM - SeleniumDriver - INFO: Element not found with locator: //h4[contains(text(),'Landlord')] and  locatorType: xpath
09/06/2019 03:29:48 PM - LandlordTest - INFO: *#*#*#*#*#*#*#*#*#*#*#*#*#*#*#*#*#*#*#*#
09/06/2019 03:29:48 PM - LandlordTest - INFO:  test_02VerifyLandlordsCanHaveMultipleSubsidiary 
09/06/2019 03:29:48 PM - LandlordTest - INFO: *#*#*#*#*#*#*#*#*#*#*#*#*#*#*#*#*#*#*#*#
09/06/2019 03:29:57 PM - SeleniumDriver - INFO: Element not found with locator: //div[2]/div/div/div/div/div/div/div[1]/div/div[2]/div/div[2]/p and  locatorType: xpath
09/06/2019 03:29:57 PM - SeleniumDriver - INFO: Cannot click on the element with locator: //div[2]/div/div/div/div/div/div/div[1]/div/div[2]/div/div[2]/p locatorType: xpath
09/06/2019 03:30:00 PM - SeleniumDriver - INFO: Element not found with locator: //div[@id='app']/div/div[2]/div/div/div/div/div/div/div/div/div[2]/div/div/div/div/input and  locatorType: xpath
09/06/2019 03:30:00 PM - SeleniumDriver - INFO: Cannot click on the element with locator: //div[@id='app']/div/div[2]/div/div/div/div/div/div/div/div/div[2]/div/div/div/div/input locatorType: xpath
09/06/2019 03:30:05 PM - SeleniumDriver - INFO: Element not found with locator: //div[@id='app']/div/div[2]/div/div/div/div/div/div/div/div/div[2]/div/div/div/div/input and  locatorType: xpath
09/06/2019 03:30:05 PM - SeleniumDriver - INFO: Cannot send data on the element with locator: //div[@id='app']/div/div[2]/div/div/div/div/div/div/div/div/div[2]/div/div/div/div/input locatorType: xpath
09/06/2019 03:30:10 PM - SeleniumDriver - INFO: Element not found with locator: .contact-search--create-option and  locatorType: css
09/06/2019 03:30:10 PM - SeleniumDriver - INFO: Cannot click on the element with locator: .contact-search--create-option locatorType: css
09/06/2019 03:30:15 PM - SeleniumDriver - INFO: Element not found with locator: //div[2]/div/div/div/div/div/div/div[2]/div/div[2]/div/div[2]/p and  locatorType: xpath
09/06/2019 03:30:15 PM - SeleniumDriver - INFO: Cannot click on the element with locator: //div[2]/div/div/div/div/div/div/div[2]/div/div[2]/div/div[2]/p locatorType: xpath
09/06/2019 03:30:18 PM - SeleniumDriver - INFO: Element not found with locator: //div[@id='app']/div/div[2]/div/div/div/div/div/div/div/div/div[2]/div/div/div/div/input and  locatorType: xpath
09/06/2019 03:30:18 PM - SeleniumDriver - INFO: Cannot click on the element with locator: //div[@id='app']/div/div[2]/div/div/div/div/div/div/div/div/div[2]/div/div/div/div/input locatorType: xpath
09/06/2019 03:30:23 PM - SeleniumDriver - INFO: Element not found with locator: //div[@id='app']/div/div[2]/div/div/div/div/div/div/div/div/div[2]/div/div/div/div/input and  locatorType: xpath
09/06/2019 03:30:23 PM - SeleniumDriver - INFO: Cannot send data on the element with locator: //div[@id='app']/div/div[2]/div/div/div/div/div/div/div/div/div[2]/div/div/div/div/input locatorType: xpath
09/06/2019 03:30:28 PM - SeleniumDriver - INFO: Element not found with locator: .contact-search--create-option and  locatorType: css
09/06/2019 03:30:28 PM - SeleniumDriver - INFO: Cannot click on the element with locator: .contact-search--create-option locatorType: css
09/06/2019 03:30:33 PM - SeleniumDriver - INFO: Element not found with locator: //div[2]/div/div/div/div/div/div/div[3]/div/div[2]/div/div[2]/p and  locatorType: xpath
09/06/2019 03:30:33 PM - SeleniumDriver - INFO: Cannot click on the element with locator: //div[2]/div/div/div/div/div/div/div[3]/div/div[2]/div/div[2]/p locatorType: xpath
09/06/2019 03:30:36 PM - SeleniumDriver - INFO: Element not found with locator: //div[@id='app']/div/div[2]/div/div/div/div/div/div/div/div/div[2]/div/div/div/div/input and  locatorType: xpath
09/06/2019 03:30:36 PM - SeleniumDriver - INFO: Cannot click on the element with locator: //div[@id='app']/div/div[2]/div/div/div/div/div/div/div/div/div[2]/div/div/div/div/input locatorType: xpath
09/06/2019 03:30:41 PM - SeleniumDriver - INFO: Element not found with locator: //div[@id='app']/div/div[2]/div/div/div/div/div/div/div/div/div[2]/div/div/div/div/input and  locatorType: xpath
09/06/2019 03:30:41 PM - SeleniumDriver - INFO: Cannot send data on the element with locator: //div[@id='app']/div/div[2]/div/div/div/div/div/div/div/div/div[2]/div/div/div/div/input locatorType: xpath
09/06/2019 03:30:46 PM - SeleniumDriver - INFO: Element not found with locator: .contact-search--create-option and  locatorType: css
09/06/2019 03:30:46 PM - SeleniumDriver - INFO: Cannot click on the element with locator: .contact-search--create-option locatorType: css
09/06/2019 03:30:49 PM - SeleniumDriver - INFO: Element not found with locator: //span[contains(text(),'Save')] and  locatorType: xpath
09/06/2019 03:30:49 PM - SeleniumDriver - INFO: Cannot click on the element with locator: //span[contains(text(),'Save')] locatorType: xpath
09/06/2019 03:30:54 PM - SeleniumDriver - INFO: Element not present with locator: //div[@id='app']/div/div/div[2]/div/div[2]/div/div/div[13]/div/div[2]/div/div[2]/div locatorType: xpath
09/06/2019 03:30:54 PM - SeleniumDriver - INFO: ### VERIFICATION DOES NOT CONTAINS !!!
09/06/2019 03:30:55 PM - SeleniumDriver - INFO: Screenshot save to directory: C:\Users\Sagar\PycharmProjects\DealTrack\base\../screenshots/element present not found.1567764054670.png
09/06/2019 03:30:55 PM - SeleniumDriver - INFO: Element not found
09/06/2019 03:30:55 PM - SeleniumDriver - INFO: False
09/06/2019 03:35:22 PM - SeleniumDriver - INFO: Waiting for maximum :: 30 :: seconds for element to be clickable
09/06/2019 03:35:23 PM - SeleniumDriver - INFO: Element appeared on the web page
09/06/2019 03:35:23 PM - SeleniumDriver - INFO: Element found with locator: //div[@class='auth0-lock-social-button-text'] and  locatorType: xpath
09/06/2019 03:35:25 PM - SeleniumDriver - INFO: Clicked on element with locator: //div[@class='auth0-lock-social-button-text'] locatorType: xpath
09/06/2019 03:35:27 PM - SeleniumDriver - INFO: Locator type //input[@id='identifierid'] not correct/supported
09/06/2019 03:35:27 PM - SeleniumDriver - INFO: Waiting for maximum :: 30 :: seconds for element to be clickable
09/06/2019 03:35:27 PM - SeleniumDriver - INFO: Element not appeared on the web page
09/06/2019 03:35:27 PM - SeleniumDriver - INFO: Element found with locator: //input[@id='identifierId'] and  locatorType: xpath
09/06/2019 03:35:27 PM - SeleniumDriver - INFO: Sent data on element with locator: //input[@id='identifierId'] locatorType: xpath
09/06/2019 03:35:29 PM - SeleniumDriver - INFO: Waiting for maximum :: 30 :: seconds for element to be clickable
09/06/2019 03:35:29 PM - SeleniumDriver - INFO: Element appeared on the web page
09/06/2019 03:35:29 PM - SeleniumDriver - INFO: Element found with locator: //span[contains(text(),'Next')] and  locatorType: xpath
09/06/2019 03:35:29 PM - SeleniumDriver - INFO: Clicked on element with locator: //span[contains(text(),'Next')] locatorType: xpath
09/06/2019 03:35:31 PM - SeleniumDriver - INFO: Locator type //input[@name='password'] not correct/supported
09/06/2019 03:35:31 PM - SeleniumDriver - INFO: Waiting for maximum :: 30 :: seconds for element to be clickable
09/06/2019 03:35:31 PM - SeleniumDriver - INFO: Element not appeared on the web page
09/06/2019 03:35:31 PM - SeleniumDriver - INFO: Element found with locator: //input[@name='password'] and  locatorType: xpath
09/06/2019 03:35:31 PM - SeleniumDriver - INFO: Sent data on element with locator: //input[@name='password'] locatorType: xpath
09/06/2019 03:35:33 PM - SeleniumDriver - INFO: Waiting for maximum :: 30 :: seconds for element to be clickable
09/06/2019 03:35:33 PM - SeleniumDriver - INFO: Element appeared on the web page
09/06/2019 03:35:33 PM - SeleniumDriver - INFO: Element found with locator: //span[contains(text(),'Next')] and  locatorType: xpath
09/06/2019 03:35:33 PM - SeleniumDriver - INFO: Clicked on element with locator: //span[contains(text(),'Next')] locatorType: xpath
09/06/2019 03:35:33 PM - LandlordTest - INFO: *#*#*#*#*#*#*#*#*#*#*#*#*#*#*#*#*#*#*#*#
09/06/2019 03:35:33 PM - LandlordTest - INFO:  test_01VerifyDealsCanHaveMultipleLandlordsWithNoParents 
09/06/2019 03:35:33 PM - LandlordTest - INFO: *#*#*#*#*#*#*#*#*#*#*#*#*#*#*#*#*#*#*#*#
09/06/2019 03:35:46 PM - SeleniumDriver - INFO: Element found with locator: //h4[contains(text(),'Landlord')] and  locatorType: xpath
09/06/2019 03:35:50 PM - SeleniumDriver - INFO: Element found with locator: //h4[contains(text(),'Landlord')] and  locatorType: xpath
09/06/2019 03:35:51 PM - SeleniumDriver - INFO: Clicked on element with locator: //h4[contains(text(),'Landlord')] locatorType: xpath
09/06/2019 03:35:53 PM - SeleniumDriver - INFO: Element found with locator: //p[contains(.,'+ Add landlord')] and  locatorType: xpath
09/06/2019 03:35:53 PM - SeleniumDriver - INFO: Clicked on element with locator: //p[contains(.,'+ Add landlord')] locatorType: xpath
09/06/2019 03:35:55 PM - SeleniumDriver - INFO: Element found with locator: //div[@id='app']/div/div[2]/div/div/div/div/div/div/div/div/div/div/input and  locatorType: xpath
09/06/2019 03:35:55 PM - SeleniumDriver - INFO: Clicked on element with locator: //div[@id='app']/div/div[2]/div/div/div/div/div/div/div/div/div/div/input locatorType: xpath
09/06/2019 03:36:00 PM - SeleniumDriver - INFO: Element not found with locator: //div[@id='app']/div/div[2]/div/div/div/div/div/div/div/div/div/div/input and  locatorType: xpath
09/06/2019 03:36:00 PM - SeleniumDriver - INFO: Cannot send data on the element with locator: //div[@id='app']/div/div[2]/div/div/div/div/div/div/div/div/div/div/input locatorType: xpath
09/06/2019 03:36:03 PM - SeleniumDriver - INFO: Element not found with locator: .contact-search--create-option and  locatorType: css
09/06/2019 03:36:03 PM - SeleniumDriver - INFO: Cannot click on the element with locator: .contact-search--create-option locatorType: css
09/06/2019 03:36:08 PM - SeleniumDriver - INFO: Element not found with locator: //p[contains(.,'+ Add landlord')] and  locatorType: xpath
09/06/2019 03:36:08 PM - SeleniumDriver - INFO: Cannot click on the element with locator: //p[contains(.,'+ Add landlord')] locatorType: xpath
09/06/2019 03:36:13 PM - SeleniumDriver - INFO: Element not found with locator: //div[@id='app']/div/div[2]/div/div/div/div/div/div/div/div/div/div/input and  locatorType: xpath
09/06/2019 03:36:13 PM - SeleniumDriver - INFO: Cannot click on the element with locator: //div[@id='app']/div/div[2]/div/div/div/div/div/div/div/div/div/div/input locatorType: xpath
09/06/2019 03:36:18 PM - SeleniumDriver - INFO: Element not found with locator: //div[@id='app']/div/div[2]/div/div/div/div/div/div/div/div/div/div/input and  locatorType: xpath
09/06/2019 03:36:18 PM - SeleniumDriver - INFO: Cannot send data on the element with locator: //div[@id='app']/div/div[2]/div/div/div/div/div/div/div/div/div/div/input locatorType: xpath
09/06/2019 03:36:21 PM - SeleniumDriver - INFO: Element not found with locator: .contact-search--create-option and  locatorType: css
09/06/2019 03:36:21 PM - SeleniumDriver - INFO: Cannot click on the element with locator: .contact-search--create-option locatorType: css
09/06/2019 03:36:26 PM - SeleniumDriver - INFO: Element not found with locator: //p[contains(.,'+ Add landlord')] and  locatorType: xpath
09/06/2019 03:36:26 PM - SeleniumDriver - INFO: Cannot click on the element with locator: //p[contains(.,'+ Add landlord')] locatorType: xpath
09/06/2019 03:36:31 PM - SeleniumDriver - INFO: Element not found with locator: //div[@id='app']/div/div[2]/div/div/div/div/div/div/div/div/div/div/input and  locatorType: xpath
09/06/2019 03:36:31 PM - SeleniumDriver - INFO: Cannot click on the element with locator: //div[@id='app']/div/div[2]/div/div/div/div/div/div/div/div/div/div/input locatorType: xpath
09/06/2019 03:36:36 PM - SeleniumDriver - INFO: Element not found with locator: //div[@id='app']/div/div[2]/div/div/div/div/div/div/div/div/div/div/input and  locatorType: xpath
09/06/2019 03:36:36 PM - SeleniumDriver - INFO: Cannot send data on the element with locator: //div[@id='app']/div/div[2]/div/div/div/div/div/div/div/div/div/div/input locatorType: xpath
09/06/2019 03:36:39 PM - SeleniumDriver - INFO: Element not found with locator: .contact-search--create-option and  locatorType: css
09/06/2019 03:36:39 PM - SeleniumDriver - INFO: Cannot click on the element with locator: .contact-search--create-option locatorType: css
09/06/2019 03:36:44 PM - SeleniumDriver - INFO: Element not found with locator: //span[contains(text(),'Save')] and  locatorType: xpath
09/06/2019 03:36:44 PM - SeleniumDriver - INFO: Cannot click on the element with locator: //span[contains(text(),'Save')] locatorType: xpath
09/06/2019 03:36:44 PM - LandlordTest - INFO: *#*#*#*#*#*#*#*#*#*#*#*#*#*#*#*#*#*#*#*#
09/06/2019 03:36:44 PM - LandlordTest - INFO:  test_02VerifyLandlordsCanHaveMultipleSubsidiary 
09/06/2019 03:36:44 PM - LandlordTest - INFO: *#*#*#*#*#*#*#*#*#*#*#*#*#*#*#*#*#*#*#*#
09/06/2019 03:36:53 PM - SeleniumDriver - INFO: Element not found with locator: //div[2]/div/div/div/div/div/div/div[1]/div/div[2]/div/div[2]/p and  locatorType: xpath
09/06/2019 03:36:53 PM - SeleniumDriver - INFO: Cannot click on the element with locator: //div[2]/div/div/div/div/div/div/div[1]/div/div[2]/div/div[2]/p locatorType: xpath
09/06/2019 03:36:56 PM - SeleniumDriver - INFO: Element not found with locator: //div[@id='app']/div/div[2]/div/div/div/div/div/div/div/div/div[2]/div/div/div/div/input and  locatorType: xpath
09/06/2019 03:36:56 PM - SeleniumDriver - INFO: Cannot click on the element with locator: //div[@id='app']/div/div[2]/div/div/div/div/div/div/div/div/div[2]/div/div/div/div/input locatorType: xpath
09/06/2019 03:37:01 PM - SeleniumDriver - INFO: Element not found with locator: //div[@id='app']/div/div[2]/div/div/div/div/div/div/div/div/div[2]/div/div/div/div/input and  locatorType: xpath
09/06/2019 03:37:01 PM - SeleniumDriver - INFO: Cannot send data on the element with locator: //div[@id='app']/div/div[2]/div/div/div/div/div/div/div/div/div[2]/div/div/div/div/input locatorType: xpath
09/06/2019 03:37:06 PM - SeleniumDriver - INFO: Element not found with locator: .contact-search--create-option and  locatorType: css
09/06/2019 03:37:06 PM - SeleniumDriver - INFO: Cannot click on the element with locator: .contact-search--create-option locatorType: css
09/06/2019 03:37:11 PM - SeleniumDriver - INFO: Element not found with locator: //div[2]/div/div/div/div/div/div/div[2]/div/div[2]/div/div[2]/p and  locatorType: xpath
09/06/2019 03:37:11 PM - SeleniumDriver - INFO: Cannot click on the element with locator: //div[2]/div/div/div/div/div/div/div[2]/div/div[2]/div/div[2]/p locatorType: xpath
09/06/2019 03:37:14 PM - SeleniumDriver - INFO: Element not found with locator: //div[@id='app']/div/div[2]/div/div/div/div/div/div/div/div/div[2]/div/div/div/div/input and  locatorType: xpath
09/06/2019 03:37:14 PM - SeleniumDriver - INFO: Cannot click on the element with locator: //div[@id='app']/div/div[2]/div/div/div/div/div/div/div/div/div[2]/div/div/div/div/input locatorType: xpath
09/06/2019 03:37:19 PM - SeleniumDriver - INFO: Element not found with locator: //div[@id='app']/div/div[2]/div/div/div/div/div/div/div/div/div[2]/div/div/div/div/input and  locatorType: xpath
09/06/2019 03:37:19 PM - SeleniumDriver - INFO: Cannot send data on the element with locator: //div[@id='app']/div/div[2]/div/div/div/div/div/div/div/div/div[2]/div/div/div/div/input locatorType: xpath
09/06/2019 03:37:24 PM - SeleniumDriver - INFO: Element not found with locator: .contact-search--create-option and  locatorType: css
09/06/2019 03:37:24 PM - SeleniumDriver - INFO: Cannot click on the element with locator: .contact-search--create-option locatorType: css
09/06/2019 03:37:29 PM - SeleniumDriver - INFO: Element not found with locator: //div[2]/div/div/div/div/div/div/div[3]/div/div[2]/div/div[2]/p and  locatorType: xpath
09/06/2019 03:37:29 PM - SeleniumDriver - INFO: Cannot click on the element with locator: //div[2]/div/div/div/div/div/div/div[3]/div/div[2]/div/div[2]/p locatorType: xpath
09/06/2019 03:37:32 PM - SeleniumDriver - INFO: Element not found with locator: //div[@id='app']/div/div[2]/div/div/div/div/div/div/div/div/div[2]/div/div/div/div/input and  locatorType: xpath
09/06/2019 03:37:32 PM - SeleniumDriver - INFO: Cannot click on the element with locator: //div[@id='app']/div/div[2]/div/div/div/div/div/div/div/div/div[2]/div/div/div/div/input locatorType: xpath
09/06/2019 03:37:37 PM - SeleniumDriver - INFO: Element not found with locator: //div[@id='app']/div/div[2]/div/div/div/div/div/div/div/div/div[2]/div/div/div/div/input and  locatorType: xpath
09/06/2019 03:37:37 PM - SeleniumDriver - INFO: Cannot send data on the element with locator: //div[@id='app']/div/div[2]/div/div/div/div/div/div/div/div/div[2]/div/div/div/div/input locatorType: xpath
09/06/2019 03:37:42 PM - SeleniumDriver - INFO: Element not found with locator: .contact-search--create-option and  locatorType: css
09/06/2019 03:37:42 PM - SeleniumDriver - INFO: Cannot click on the element with locator: .contact-search--create-option locatorType: css
09/06/2019 03:37:46 PM - SeleniumDriver - INFO: Element not found with locator: //span[contains(text(),'Save')] and  locatorType: xpath
09/06/2019 03:37:46 PM - SeleniumDriver - INFO: Cannot click on the element with locator: //span[contains(text(),'Save')] locatorType: xpath
09/06/2019 03:37:51 PM - SeleniumDriver - INFO: Element not present with locator: //div[@id='app']/div/div/div[2]/div/div[2]/div/div/div[13]/div/div[2]/div/div[2]/div locatorType: xpath
09/06/2019 03:37:51 PM - SeleniumDriver - INFO: ### VERIFICATION DOES NOT CONTAINS !!!
09/06/2019 03:37:51 PM - SeleniumDriver - INFO: Screenshot save to directory: C:\Users\Sagar\PycharmProjects\DealTrack\base\../screenshots/element present not found.1567764471041.png
